[0.   0.01 0.02 0.03 0.04 0.05 0.06 0.07 0.08 0.09 0.1  0.11 0.12 0.13
 0.14 0.15 0.16 0.17 0.18 0.19 0.2  0.21 0.22 0.23 0.24 0.25 0.26 0.27
 0.28 0.29 0.3  0.31 0.32 0.33 0.34 0.35 0.36 0.37 0.38 0.39 0.4  0.41
 0.42 0.43 0.44 0.45 0.46 0.47 0.48 0.49 0.5  0.51 0.52 0.53 0.54 0.55
 0.56 0.57 0.58 0.59 0.6  0.61 0.62 0.63 0.64 0.65 0.66 0.67 0.68 0.69
 0.7  0.71 0.72 0.73 0.74 0.75 0.76 0.77 0.78 0.79 0.8  0.81 0.82 0.83
 0.84 0.85 0.86 0.87 0.88 0.89 0.9  0.91 0.92 0.93 0.94 0.95 0.96 0.97
 0.98 0.99 1.  ]
[0.926325 0.96971  0.95009  0.955206 0.95187  0.955489 0.948445 0.942558
 0.947341 0.969659 0.951965 0.94242  0.951153 0.941828 0.949223 0.952463
 0.968473 0.952835 0.956279 0.96342  0.929765 0.927791 0.953823 0.963605
 0.936358 0.972665 0.974138 0.957116 0.940098 0.957673 0.953816 0.975105
 0.991978 0.948143 0.922149 0.967906 0.984774 0.9818   0.941306 0.929977
 0.942608 0.949322 0.947338 0.968461 0.938839 0.943155 0.96582  1.002621
 0.998085 1.02276  0.950186 0.94154  0.985478 0.987188 1.017391 0.948396
 0.989252 0.992005 0.982945 1.01724  0.959989 0.92233  0.98203  0.993264
 1.002224 0.95326  1.016583 1.002147 0.97116  1.010215 1.030753 1.006112
 1.009042 1.006994 0.991867 0.974559 0.964716 1.034087 1.017693 1.031982
 0.987939 1.010792 1.031987 0.988587 1.020014 1.02559  1.088707 1.047256
 1.080461 0.985588 1.029908 1.005667 1.055576 1.06287  1.023899 1.070931
 1.037347 1.043421 1.044305 1.047342 1.031797]
[0.01    0.01025 0.0105  0.01075 0.011   0.01125 0.0115  0.01175 0.012
 0.01225 0.0125  0.01275 0.013   0.01325 0.0135  0.01375 0.014   0.01425
 0.0145  0.01475 0.015   0.01525 0.0155  0.01575 0.016   0.01625 0.0165
 0.01675 0.017   0.01725 0.0175  0.01775 0.018   0.01825 0.0185  0.01875
 0.019   0.01925 0.0195  0.01975 0.02    0.02025 0.0205  0.02075 0.021
 0.02125 0.0215  0.02175 0.022   0.02225 0.0225  0.02275 0.023   0.02325
 0.0235  0.02375 0.024   0.02425 0.0245  0.02475 0.025   0.02525 0.0255
 0.02575 0.026   0.02625 0.0265  0.02675 0.027   0.02725 0.0275  0.02775
 0.028   0.02825 0.0285  0.02875 0.029   0.02925 0.0295  0.02975 0.03
 0.03025 0.0305  0.03075 0.031   0.03125 0.0315  0.03175 0.032   0.03225
 0.0325  0.03275 0.033   0.03325 0.0335  0.03375 0.034   0.03425 0.0345
 0.03475 0.035  ]
 
 
-------------------------------
Running fitconfig.FitModel5 fit
-------------------------------
 
This shows partly how the func_code thing works:
Namespace(co_argcount=3, co_varnames=('a0', 'a1', 'a2'))
I MnSeedGenerator Initial state: FCN =       622.9136715 Edm =       405.3505876 NCalls =     13
I VariableMetricBuilder Start iterating until Edm is < 0.0002 with call limit = 100000
I VariableMetricBuilder    0 - FCN =       622.9136715 Edm =       405.3505876 NCalls =     13
I VariableMetricBuilder    1 - FCN =       349.7191185 Edm =       194.7363541 NCalls =     21
I VariableMetricBuilder    2 - FCN =       100.1000987 Edm =     0.02960875727 NCalls =     29
I VariableMetricBuilder    3 - FCN =       98.82340899 Edm =   1.524024871e-18 NCalls =     39
I VariableMetricBuilder After Hessian
I VariableMetricBuilder    4 - FCN =       98.82340899 Edm =   1.568187237e-18 NCalls =     55
Parameter  a0  is fitted 
Parameter  a1  is fitted 
Parameter  a2  is fitted 
 
A) Hypothesis test: IS THIS A REASONABLE FIT? 
chi-squared                          :  98.82340898746884
number of data points                :  101
total number of fit parameters       :  3  of which  3  are/is fitted and  0 are/is fixed
number of ACTUAL fitted parameters   :  3
number of degrees of freedom (d.o.f.):  98
chi-squared ratio is  1.0084021325251922
 
Observed chi-squared p-value of 45.76880163155591 %
 
B) Parameter Estimation: Given a reasonable fit, what are the model parameters and uncertainties?
Is the covariance matrix accurate?  True
Fitted parameters:
a0 = 0.9510336570105874 +- 0.0037195493515704984 
a1 = -0.01915411372652115 +- 0.02354034699519829 
a2 = 0.12298632733066504 +- 0.026896251139028545 
 
Correlation Coefficient Matrix
┌────┬──────────────────────┐
│    │     a0     a1     a2 │
├────┼──────────────────────┤
│ a0 │      1 -0.797  0.658 │
│ a1 │ -0.797      1 -0.954 │
│ a2 │  0.658 -0.954      1 │
└────┴──────────────────────┘
 
Number of parameters 3
['a0', 'a1', 'a2']
Parameter 0 : name = a0 , value = 0.9510336570105874
Parameter 1 : name = a1 , value = -0.01915411372652115
Parameter 2 : name = a2 , value = 0.12298632733066504
 
Normalized Residuals :     -2.47    1.84   -0.06    0.43    0.13    0.45   -0.16   -0.66   -0.25    1.58    0.13   -0.63    0.05   -0.66   -0.11    0.11    1.24    0.11    0.32    0.79   -1.49   -1.62    0.07    0.66   -1.07    1.15    1.20    0.14   -0.89    0.11   -0.15    1.02    1.92   -0.55   -1.98    0.45    1.30    1.09   -1.04   -1.64   -1.02   -0.72   -0.85    0.14   -1.31   -1.14   -0.11    1.54    1.27    2.32   -0.98   -1.39    0.48    0.51    1.74   -1.23    0.43    0.49    0.07    1.40   -0.95   -2.49   -0.17    0.21    0.50   -1.42    0.93    0.33   -0.88    0.51    1.20    0.24    0.29    0.16   -0.43   -1.09   -1.48    0.85    0.23    0.65   -0.88   -0.18    0.46   -1.02   -0.06    0.06    2.01    0.62    1.60   -1.42   -0.11   -0.91    0.55    0.70   -0.53    0.80   -0.25   -0.14   -0.18   -0.15   -0.66
 
                                   RUN TEST STATISTICS 
 
Residual signs :  01011100011010011111001101110101100111000001000111001110111100011011011111000111001001111000110100000
Nbins                     :  101
npos                      :  54
number of runs, r         :  45
E(r)                      :  51.257425742574256
V(r)                      :  24.755514165277916
z (sigma)                 :  -1.2576498085293808
p-value (%) normal approx :  10.425921576466202
Run test p-value for robs <=  45  is  12.34414031870054 (%)
 
Observed run test p-value (%) =  12.34414031870054
